<?xml version="1.0" encoding="UTF-8"?>
<!-- Generated by org.testng.reporters.JUnitReportReporter -->
<testsuite hostname="LAPTOP-J3VMKR37" failures="0" tests="3" name="verify_functionality.User_session" time="171.174" errors="0" timestamp="11 Jan 2024 05:06:14 GMT" skipped="0">
  <testcase classname="verify_functionality.User_session" name="do_logout" time="0.002"/>
  <testcase classname="verify_functionality.User_session" name="f" time="0.006"/>
  <testcase classname="verify_functionality.User_session" name="do_login" time="171.166"/>
</testsuite> <!-- verify_functionality.User_session -->
