<?xml version="1.0" encoding="UTF-8"?>
<!-- Generated by org.testng.reporters.JUnitReportReporter -->
<testsuite hostname="LAPTOP-J3VMKR37" failures="0" tests="1" name="verify_functionality.Portfolio_managment" time="0.003" errors="0" timestamp="11 Jan 2024 04:59:41 GMT" skipped="0">
  <testcase classname="verify_functionality.Portfolio_managment" name="create_portfolio" time="0.003"/>
</testsuite> <!-- verify_functionality.Portfolio_managment -->
