<?xml version="1.0" encoding="UTF-8"?>
<!-- Generated by org.testng.reporters.JUnitReportReporter -->
<testsuite hostname="LAPTOP-J3VMKR37" failures="0" tests="3" name="verify_functionality.Stock_managment" time="0.013" errors="0" timestamp="10 Jan 2024 14:12:17 GMT" skipped="0">
  <testcase classname="verify_functionality.Stock_managment" name="delete_stock" time="0.004"/>
  <testcase classname="verify_functionality.Stock_managment" name="add_stock" time="0.007"/>
  <testcase classname="verify_functionality.Stock_managment" name="update_stock" time="0.002"/>
</testsuite> <!-- verify_functionality.Stock_managment -->
