<?xml version="1.0" encoding="UTF-8"?>
<!-- Generated by org.testng.reporters.JUnitReportReporter -->
<testsuite hostname="LAPTOP-J3VMKR37" failures="0" tests="1" name="_interface.NewTest_1" time="0.015" errors="0" timestamp="2023-12-04T09:50:55 IST" skipped="0">
  <testcase classname="_interface.NewTest_1" name="f" time="0.015"/>
  <system-out/>
</testsuite> <!-- _interface.NewTest_1 -->
