<?xml version="1.0" encoding="UTF-8"?>
<!-- Generated by org.testng.reporters.JUnitReportReporter -->
<testsuite hostname="LAPTOP-J3VMKR37" failures="0" tests="1" name="TestNG.TNG_script" time="7.114" errors="0" timestamp="2023-12-07T09:02:48 IST" skipped="0">
  <testcase classname="TestNG.TNG_script" name="Verify_searchbox" time="7.114"/>
  <system-out/>
</testsuite> <!-- TestNG.TNG_script -->
