<?xml version="1.0" encoding="UTF-8"?>
<!-- Generated by org.testng.reporters.JUnitReportReporter -->
<testsuite hostname="LAPTOP-J3VMKR37" failures="0" tests="1" name="TestNG.Test_001" time="0.017" errors="0" timestamp="2023-12-05T09:10:55 IST" skipped="0">
  <testcase classname="TestNG.Test_001" name="b" time="0.017"/>
  <system-out/>
</testsuite> <!-- TestNG.Test_001 -->
