<?xml version="1.0" encoding="UTF-8"?>
<!-- Generated by org.testng.reporters.JUnitReportReporter -->
<testsuite hostname="LAPTOP-J3VMKR37" failures="0" tests="3" name="TestNG_assingment.Meesho" time="22.919" errors="0" timestamp="2023-12-08T19:15:32 IST" skipped="0">
  <testcase classname="TestNG_assingment.Meesho" name="mouse_hover_02" time="8.159"/>
  <system-out/>
  <testcase classname="TestNG_assingment.Meesho" name="mouse_hover_03" time="7.983"/>
  <system-out/>
  <testcase classname="TestNG_assingment.Meesho" name="mouse_hover_001" time="6.777"/>
  <system-out/>
</testsuite> <!-- TestNG_assingment.Meesho -->
