<?xml version="1.0" encoding="UTF-8"?>
<!-- Generated by org.testng.reporters.JUnitReportReporter -->
<testsuite hostname="LAPTOP-J3VMKR37" failures="0" tests="2" name="extent_reports.Report_001" time="0.157" errors="0" timestamp="20 Dec 2023 03:14:06 GMT" skipped="0">
  <testcase classname="extent_reports.Report_001" name="verify_skill" time="0.156"/>
  <testcase classname="extent_reports.Report_001" name="f" time="0.001"/>
</testsuite> <!-- extent_reports.Report_001 -->
