<?xml version="1.0" encoding="UTF-8"?>
<!-- Generated by org.testng.reporters.JUnitReportReporter -->
<testsuite hostname="LAPTOP-J3VMKR37" failures="0" tests="1" name="POM_execution.PomSignIN" time="7.821" errors="0" timestamp="23 Dec 2023 05:50:45 GMT" skipped="0">
  <testcase classname="POM_execution.PomSignIN" name="Verify_user_signin" time="7.821"/>
</testsuite> <!-- POM_execution.PomSignIN -->
