<?xml version="1.0" encoding="UTF-8"?>
<!-- Generated by org.testng.reporters.JUnitReportReporter -->
<testsuite hostname="LAPTOP-J3VMKR37" failures="0" tests="1" name="TestNG_assingment.Hard_assert" time="0.594" errors="0" timestamp="15 Dec 2023 04:04:27 GMT" skipped="0">
  <testcase classname="TestNG_assingment.Hard_assert" name="verify_link" time="0.594"/>
</testsuite> <!-- TestNG_assingment.Hard_assert -->
