<?xml version="1.0" encoding="UTF-8"?>
<!-- Generated by org.testng.reporters.JUnitReportReporter -->
<testsuite hostname="LAPTOP-J3VMKR37" failures="0" tests="4" name="TestNG.Depends_on_methods" time="0.013" errors="0" timestamp="2023-12-07T11:20:56 IST" skipped="0">
  <testcase classname="TestNG.Depends_on_methods" name="a" time="0.007"/>
  <system-out/>
  <testcase classname="TestNG.Depends_on_methods" name="b" time="0.002"/>
  <system-out/>
  <testcase classname="TestNG.Depends_on_methods" name="f" time="0.001"/>
  <system-out/>
  <testcase classname="TestNG.Depends_on_methods" name="c" time="0.003"/>
  <system-out/>
</testsuite> <!-- TestNG.Depends_on_methods -->
