<?xml version="1.0" encoding="UTF-8"?>
<!-- Generated by org.testng.reporters.JUnitReportReporter -->
<testsuite hostname="LAPTOP-J3VMKR37" failures="0" tests="4" name="TestNG.Invocation" time="0.021" errors="0" timestamp="2023-12-07T08:21:56 IST" skipped="0">
  <testcase classname="TestNG.Invocation" name="f" time="0.002"/>
  <system-out/>
  <testcase classname="TestNG.Invocation" name="f" time="0.008"/>
  <system-out/>
  <testcase classname="TestNG.Invocation" name="f" time="0.002"/>
  <system-out/>
  <testcase classname="TestNG.Invocation" name="g" time="0.009"/>
  <system-out/>
</testsuite> <!-- TestNG.Invocation -->
