<?xml version="1.0" encoding="UTF-8"?>
<!-- Generated by org.testng.reporters.JUnitReportReporter -->
<testsuite hostname="LAPTOP-J3VMKR37" failures="0" tests="2" name="TestNG.NewTest_01" time="0.010" errors="0" timestamp="2023-12-07T08:23:31 IST" skipped="0">
  <testcase classname="TestNG.NewTest_01" name="r" time="0.007"/>
  <system-out/>
  <testcase classname="TestNG.NewTest_01" name="f" time="0.003"/>
  <system-out/>
</testsuite> <!-- TestNG.NewTest_01 -->
